[27 okt 2007, 18:08:06]

[FileNames]
Exe=neronld.nls
SaveAs=neronldnls
Log=

[Commands]
-delete BINARYEQUALIZERPROFILES,,
  Deleted: BINARYEQUALIZERPROFILES,81,1043
-delete BITMAP,,
  Deleted: BITMAP,DISCT2COL256,1043
  Deleted: BITMAP,LABELFLASH,1043
  Deleted: BITMAP,LANG_CHS,1043
  Deleted: BITMAP,LANG_CHT,1043
  Deleted: BITMAP,LANG_CSY,1043
  Deleted: BITMAP,LANG_DAN,1043
  Deleted: BITMAP,LANG_DEU,1043
  Deleted: BITMAP,LANG_ELL,1043
  Deleted: BITMAP,LANG_ENG,1043
  Deleted: BITMAP,LANG_ESL,1043
  Deleted: BITMAP,LANG_ESP,1043
  Deleted: BITMAP,LANG_FIN,1043
  Deleted: BITMAP,LANG_FRA,1043
  Deleted: BITMAP,LANG_HRV,1043
  Deleted: BITMAP,LANG_HUN,1043
  Deleted: BITMAP,LANG_ITA,1043
  Deleted: BITMAP,LANG_JPN,1043
  Deleted: BITMAP,LANG_KOR,1043
  Deleted: BITMAP,LANG_NLD,1043
  Deleted: BITMAP,LANG_NOR,1043
  Deleted: BITMAP,LANG_PLK,1043
  Deleted: BITMAP,LANG_PTB,1043
  Deleted: BITMAP,LANG_PTG,1043
  Deleted: BITMAP,LANG_RUS,1043
  Deleted: BITMAP,LANG_SKY,1043
  Deleted: BITMAP,LANG_SLV,1043
  Deleted: BITMAP,LANG_SVE,1043
  Deleted: BITMAP,LANG_THA,1043
  Deleted: BITMAP,LANG_TRK,1043
  Deleted: BITMAP,2,1043
  Deleted: BITMAP,518,1043
  Deleted: BITMAP,659,1043
  Deleted: BITMAP,2543,1043
  Deleted: BITMAP,2545,1043
  Deleted: BITMAP,2546,1043
  Deleted: BITMAP,2547,1043
  Deleted: BITMAP,2548,1043
  Deleted: BITMAP,2549,1043
  Deleted: BITMAP,2550,1043
  Deleted: BITMAP,2551,1043
  Deleted: BITMAP,2552,1043
  Deleted: BITMAP,2553,1043
  Deleted: BITMAP,30994,1043
  Deleted: BITMAP,30996,1043
-delete ICONS,,
Error: No matching resource found.
